============================= test session starts ==============================
platform darwin -- Python 3.14.0, pytest-9.1.1, pluggy-1.6.0 -- /Library/Frameworks/Python.framework/Versions/3.14/bin/python3
cachedir: .pytest_cache
rootdir: /Users/mstrahi/Desktop/CSCI 348/ai110-module1show-gameglitchinvestigator-starter
plugins: anyio-4.14.0
collecting ... collected 10 items

tests/test_game_logic.py::test_winning_guess PASSED                      [ 10%]
tests/test_game_logic.py::test_guess_too_high PASSED                     [ 20%]
tests/test_game_logic.py::test_guess_too_low PASSED                      [ 30%]
tests/test_game_logic.py::test_too_high_hint_advises_going_lower PASSED  [ 40%]
tests/test_game_logic.py::test_too_low_hint_advises_going_higher PASSED  [ 50%]
tests/test_game_logic.py::test_parse_negative_number PASSED              [ 60%]
tests/test_game_logic.py::test_parse_decimal_is_truncated PASSED         [ 70%]
tests/test_game_logic.py::test_parse_very_large_number PASSED            [ 80%]
tests/test_game_logic.py::test_parse_non_numeric_is_rejected PASSED      [ 90%]
tests/test_game_logic.py::test_parse_empty_string_is_rejected PASSED     [100%]

============================== 10 passed in 0.01s ==============================
