============================= test session starts ==============================
platform darwin -- Python 3.14.0, pytest-9.1.1, pluggy-1.6.0 -- /Library/Frameworks/Python.framework/Versions/3.14/bin/python3
cachedir: .pytest_cache
rootdir: /Users/mstrahi/Desktop/CSCI 348/ai110-module1show-gameglitchinvestigator-starter
plugins: anyio-4.14.0
collecting ... collected 12 items

tests/test_game_logic.py::test_winning_guess PASSED                      [  8%]
tests/test_game_logic.py::test_guess_too_high PASSED                     [ 16%]
tests/test_game_logic.py::test_guess_too_low PASSED                      [ 25%]
tests/test_game_logic.py::test_too_high_hint_advises_going_lower PASSED  [ 33%]
tests/test_game_logic.py::test_too_low_hint_advises_going_higher PASSED  [ 41%]
tests/test_game_logic.py::test_parse_negative_number PASSED              [ 50%]
tests/test_game_logic.py::test_parse_decimal_is_truncated PASSED         [ 58%]
tests/test_game_logic.py::test_parse_very_large_number PASSED            [ 66%]
tests/test_game_logic.py::test_parse_non_numeric_is_rejected PASSED      [ 75%]
tests/test_game_logic.py::test_parse_empty_string_is_rejected PASSED     [ 83%]
tests/test_game_logic.py::test_proximity_bullseye PASSED                 [ 91%]
tests/test_game_logic.py::test_proximity_far_guess_is_cold PASSED        [100%]

============================== 12 passed in 0.01s ==============================
